{"path":"my-view2.js","statementMap":{"0":{"start":{"line":16,"column":4},"end":{"line":31,"column":6}},"1":{"start":{"line":35,"column":5},"end":{"line":35,"column":24}},"2":{"start":{"line":39,"column":0},"end":{"line":39,"column":50}}},"fnMap":{"0":{"name":"(anonymous_0)","decl":{"start":{"line":15,"column":2},"end":{"line":15,"column":3}},"loc":{"start":{"line":15,"column":24},"end":{"line":32,"column":3}},"line":15},"1":{"name":"(anonymous_1)","decl":{"start":{"line":34,"column":2},"end":{"line":34,"column":3}},"loc":{"start":{"line":34,"column":8},"end":{"line":36,"column":3}},"line":34}},"branchMap":{},"s":{"0":3,"1":0,"2":3},"f":{"0":3,"1":0},"b":{},"_coverageSchema":"332fd63041d2c1bcb487cc26dd0d5f7d97098a6c","hash":"35f4b02def89196299f476fc686445817351e38a"}